<?xml version="1.0" encoding="UTF-8"?>
<!-- Generated by org.testng.reporters.JUnitReportReporter -->
<testsuite hostname="DESKTOP-H54BCTD" failures="0" tests="2" name="Jenkins.CICD.RestAPI" time="0.019" errors="0" timestamp="2022-05-31T13:14:25 IST" skipped="0">
  <testcase classname="Jenkins.CICD.RestAPI" name="getdata4" time="0.015"/>
  <system-out/>
  <testcase classname="Jenkins.CICD.RestAPI" name="getdata3" time="0.004"/>
  <system-out/>
</testsuite> <!-- Jenkins.CICD.RestAPI -->
