<?xml version="1.0" encoding="UTF-8"?>
<!-- Generated by org.testng.reporters.JUnitReportReporter -->
<testsuite hostname="DESKTOP-H54BCTD" failures="0" tests="2" name="Jenkins.CICD.Appium" time="0.017" errors="0" timestamp="2022-05-31T13:14:25 IST" skipped="0">
  <testcase classname="Jenkins.CICD.Appium" name="getdata6" time="0.011"/>
  <system-out/>
  <testcase classname="Jenkins.CICD.Appium" name="getdata5" time="0.006"/>
  <system-out/>
</testsuite> <!-- Jenkins.CICD.Appium -->
