<?xml version="1.0" encoding="UTF-8"?>
<!-- Generated by org.testng.reporters.JUnitReportReporter -->
<testsuite hostname="DESKTOP-H54BCTD" failures="0" tests="2" name="Jenkins.CICD.SeleniumTest" time="0.025" errors="0" timestamp="2022-05-31T13:14:25 IST" skipped="0">
  <testcase classname="Jenkins.CICD.SeleniumTest" name="getdata1" time="0.020"/>
  <system-out/>
  <testcase classname="Jenkins.CICD.SeleniumTest" name="getdata2" time="0.005"/>
  <system-out/>
</testsuite> <!-- Jenkins.CICD.SeleniumTest -->
