<?xml version="1.0" encoding="UTF-8"?>
<!-- Generated by org.testng.reporters.JUnitReportReporter -->
<testsuite hostname="DESKTOP-H54BCTD" failures="0" tests="1" name="chromeOptions.Searchtestrunner" time="49.153" errors="0" timestamp="2022-06-09T00:18:46 IST" skipped="0">
  <testcase classname="chromeOptions.Searchtestrunner" name="runScenario" time="49.153"/>
  <system-out/>
</testsuite> <!-- chromeOptions.Searchtestrunner -->
