<?xml version="1.0" encoding="UTF-8"?>
<!-- Generated by org.testng.reporters.JUnitReportReporter -->
<testsuite hostname="DESKTOP-H54BCTD" failures="0" tests="1" name="Academy1.Landingpage" time="41.500" errors="0" timestamp="2022-01-20T22:49:33 IST" skipped="0">
  <testcase classname="Academy1.Landingpage" name="initialize" time="41.500"/>
  <system-out/>
</testsuite> <!-- Academy1.Landingpage -->
