<?xml version="1.0" encoding="UTF-8"?>
<!-- Generated by org.testng.reporters.JUnitReportReporter -->
<testsuite hostname="DESKTOP-H54BCTD" failures="0" tests="1" name="Academy2.demo" time="0.013" errors="0" timestamp="2022-01-18T17:32:08 IST" skipped="0">
  <testcase classname="Academy2.demo" name="testDemo" time="0.013"/>
  <system-out/>
</testsuite> <!-- Academy2.demo -->
