<?xml version="1.0" encoding="UTF-8"?>
<!-- Generated by org.testng.reporters.JUnitReportReporter -->
<testsuite hostname="DESKTOP-H54BCTD" failures="0" tests="1" name="Academy1.demo" time="0.042" errors="0" timestamp="2022-01-10T23:03:36 IST" skipped="0">
  <testcase classname="Academy1.demo" name="testDemo" time="0.042"/>
  <system-out/>
</testsuite> <!-- Academy1.demo -->
